[debug] [2019-11-09T23:19:57.229Z] ----------------------------------------------------------------------
[debug] [2019-11-09T23:19:57.231Z] Command:       /usr/local/bin/node /usr/local/bin/firebase serve
[debug] [2019-11-09T23:19:57.232Z] CLI Version:   7.7.0
[debug] [2019-11-09T23:19:57.232Z] Platform:      darwin
[debug] [2019-11-09T23:19:57.232Z] Node Version:  v10.16.0
[debug] [2019-11-09T23:19:57.233Z] Time:          Sat Nov 09 2019 17:19:57 GMT-0600 (Central Standard Time)
[debug] [2019-11-09T23:19:57.233Z] ----------------------------------------------------------------------
[debug] [2019-11-09T23:19:57.233Z] 
[debug] [2019-11-09T23:19:57.244Z] > command requires scopes: ["email","openid","https://www.googleapis.com/auth/cloudplatformprojects.readonly","https://www.googleapis.com/auth/firebase","https://www.googleapis.com/auth/cloud-platform"]
[debug] [2019-11-09T23:19:57.245Z] > authorizing via signed-in user
[debug] [2019-11-09T23:19:57.245Z] [iam] checking project art-app-32060 for permissions ["firebase.projects.get"]
[debug] [2019-11-09T23:19:57.247Z] >>> HTTP REQUEST POST https://cloudresourcemanager.googleapis.com/v1/projects/art-app-32060:testIamPermissions  

[debug] [2019-11-09T23:19:57.434Z] <<< HTTP RESPONSE 200
[debug] [2019-11-09T23:19:57.437Z] >>> HTTP REQUEST GET https://firebase.googleapis.com/v1beta1/projects/art-app-32060  
 
[debug] [2019-11-09T23:19:57.772Z] <<< HTTP RESPONSE 200
[info] 
[info] === Serving from '/Users/macbook/art-app'...
[info] 
[warn] ⚠  Your requested "node" version "8" doesn't match your global version "10"
[info] ✔  functions: Emulator started at http://localhost:5000
[info] i  functions: Watching "/Users/macbook/art-app/functions" for Cloud Functions...
[debug] [2019-11-09T23:19:58.066Z] [worker-~diagnostic~-ac545f56-f4fb-42d1-b428-5ae229263e28]: BUSY
[debug] [2019-11-09T23:19:58.347Z] [runtime-status] Functions runtime initialized. {"cwd":"/Users/macbook/art-app/functions","node_version":"10.16.0"}
[debug] [2019-11-09T23:19:58.349Z] [runtime-status] Disabled runtime features: {"functions_config_helper":true,"network_filtering":true,"timeout":true,"memory_limiting":true,"admin_stubs":true} {}
[debug] [2019-11-09T23:19:58.352Z] [runtime-status] Resolved module firebase-admin {"declared":true,"installed":true,"version":"8.6.1","resolution":"/Users/macbook/art-app/functions/node_modules/firebase-admin/lib/index.js"}
[debug] [2019-11-09T23:19:58.353Z] [runtime-status] Resolved module firebase-functions {"declared":true,"installed":true,"version":"3.3.0","resolution":"/Users/macbook/art-app/functions/node_modules/firebase-functions/lib/index.js"}
[debug] [2019-11-09T23:19:58.354Z] [runtime-status] Resolved module firebase-functions {"declared":true,"installed":true,"version":"3.3.0","resolution":"/Users/macbook/art-app/functions/node_modules/firebase-functions/lib/index.js"}
[info] ✔  functions[api]: http function initialized (http://localhost:5000/art-app-32060/us-central1/api).
[info] i  functions[createNotificationOnLike]: function ignored because the firestore emulator does not exist or is not running.
[info] i  functions[deleteNotificationOnUnLike]: function ignored because the firestore emulator does not exist or is not running.
[info] i  functions[createNotifcationOnComment]: function ignored because the firestore emulator does not exist or is not running.
[debug] [2019-11-09T23:19:59.169Z] [worker-~diagnostic~-ac545f56-f4fb-42d1-b428-5ae229263e28]: exited
[debug] [2019-11-09T23:19:59.169Z] [worker-~diagnostic~-ac545f56-f4fb-42d1-b428-5ae229263e28]: FINISHED
